[debug] [2021-09-15T21:46:33.434Z] ----------------------------------------------------------------------
[debug] [2021-09-15T21:46:33.436Z] Command:       C:\Program Files\nodejs\node.exe C:\Users\odett\AppData\Roaming\npm\node_modules\firebase-tools\lib\bin\firebase.js deploy --only hosting
[debug] [2021-09-15T21:46:33.436Z] CLI Version:   9.18.0
[debug] [2021-09-15T21:46:33.436Z] Platform:      win32
[debug] [2021-09-15T21:46:33.436Z] Node Version:  v14.17.1
[debug] [2021-09-15T21:46:33.437Z] Time:          Wed Sep 15 2021 17:46:33 GMT-0400 (Eastern Daylight Time)
[debug] [2021-09-15T21:46:33.437Z] ----------------------------------------------------------------------
[debug] 
[debug] [2021-09-15T21:46:33.480Z] > command requires scopes: ["email","openid","https://www.googleapis.com/auth/cloudplatformprojects.readonly","https://www.googleapis.com/auth/firebase","https://www.googleapis.com/auth/cloud-platform"]
[debug] [2021-09-15T21:46:33.481Z] > authorizing via signed-in user (mustangsallytn@gmail.com)
[debug] [2021-09-15T21:46:33.481Z] [iam] checking project butler-barn-property for permissions ["firebase.projects.get","firebasehosting.sites.update"]
[debug] [2021-09-15T21:46:33.484Z] >>> HTTP REQUEST POST https://cloudresourcemanager.googleapis.com/v1/projects/butler-barn-property:testIamPermissions  
 {"permissions":["firebase.projects.get","firebasehosting.sites.update"]}
[debug] [2021-09-15T21:46:33.766Z] <<< HTTP RESPONSE 200 {"content-type":"application/json; charset=UTF-8","vary":"X-Origin, Referer, Origin,Accept-Encoding","date":"Wed, 15 Sep 2021 21:46:34 GMT","server":"ESF","cache-control":"private","x-xss-protection":"0","x-frame-options":"SAMEORIGIN","x-content-type-options":"nosniff","server-timing":"gfet4t7; dur=91","alt-svc":"h3=\":443\"; ma=2592000,h3-29=\":443\"; ma=2592000,h3-T051=\":443\"; ma=2592000,h3-Q050=\":443\"; ma=2592000,h3-Q046=\":443\"; ma=2592000,h3-Q043=\":443\"; ma=2592000,quic=\":443\"; ma=2592000; v=\"46,43\"","accept-ranges":"none","transfer-encoding":"chunked"}
[debug] [2021-09-15T21:46:33.773Z] > refreshing access token with scopes: []
[debug] [2021-09-15T21:46:33.774Z] >>> HTTP REQUEST POST https://www.googleapis.com/oauth2/v3/token  
 <request body omitted>
[debug] [2021-09-15T21:46:33.952Z] <<< HTTP RESPONSE 200 {"pragma":"no-cache","expires":"Mon, 01 Jan 1990 00:00:00 GMT","date":"Wed, 15 Sep 2021 21:46:34 GMT","cache-control":"no-cache, no-store, max-age=0, must-revalidate","content-type":"application/json; charset=utf-8","vary":"X-Origin, Referer, Origin,Accept-Encoding","server":"scaffolding on HTTPServer2","x-xss-protection":"0","x-frame-options":"SAMEORIGIN","x-content-type-options":"nosniff","alt-svc":"h3=\":443\"; ma=2592000,h3-29=\":443\"; ma=2592000,h3-T051=\":443\"; ma=2592000,h3-Q050=\":443\"; ma=2592000,h3-Q046=\":443\"; ma=2592000,h3-Q043=\":443\"; ma=2592000,quic=\":443\"; ma=2592000; v=\"46,43\"","accept-ranges":"none","transfer-encoding":"chunked"}
[debug] [2021-09-15T21:46:33.963Z] >>> [apiv2][query] GET https://firebase.googleapis.com/v1beta1/projects/butler-barn-property [none]
[debug] [2021-09-15T21:46:34.277Z] <<< [apiv2][status] GET https://firebase.googleapis.com/v1beta1/projects/butler-barn-property 200
[debug] [2021-09-15T21:46:34.278Z] <<< [apiv2][body] GET https://firebase.googleapis.com/v1beta1/projects/butler-barn-property {"projectId":"butler-barn-property","projectNumber":"128395082873","displayName":"Butler Barn Property","name":"projects/butler-barn-property","resources":{"hostingSite":"butler-barn-property"},"state":"ACTIVE"}
[info] 
[info] === Deploying to 'butler-barn-property'...
[info] 
[info] i  deploying hosting 
[debug] [2021-09-15T21:46:34.288Z] > refreshing access token with scopes: ["email","https://www.googleapis.com/auth/cloud-platform","https://www.googleapis.com/auth/cloudplatformprojects.readonly","https://www.googleapis.com/auth/firebase","openid"]
[debug] [2021-09-15T21:46:34.288Z] >>> HTTP REQUEST POST https://www.googleapis.com/oauth2/v3/token  
 <request body omitted>
[debug] [2021-09-15T21:46:34.463Z] <<< HTTP RESPONSE 200 {"date":"Wed, 15 Sep 2021 21:46:35 GMT","cache-control":"no-cache, no-store, max-age=0, must-revalidate","expires":"Mon, 01 Jan 1990 00:00:00 GMT","pragma":"no-cache","content-type":"application/json; charset=utf-8","vary":"X-Origin, Referer, Origin,Accept-Encoding","server":"scaffolding on HTTPServer2","x-xss-protection":"0","x-frame-options":"SAMEORIGIN","x-content-type-options":"nosniff","alt-svc":"h3=\":443\"; ma=2592000,h3-29=\":443\"; ma=2592000,h3-T051=\":443\"; ma=2592000,h3-Q050=\":443\"; ma=2592000,h3-Q046=\":443\"; ma=2592000,h3-Q043=\":443\"; ma=2592000,quic=\":443\"; ma=2592000; v=\"46,43\"","accept-ranges":"none","transfer-encoding":"chunked"}
[debug] [2021-09-15T21:46:34.480Z] >>> HTTP REQUEST POST https://firebasehosting.googleapis.com/v1beta1/sites/butler-barn-property/versions  
 {"config":{"rewrites":[{"glob":"**","path":"/index.html"}]},"labels":{"deployment-tool":"cli-firebase"}}
[debug] [2021-09-15T21:46:35.364Z] <<< HTTP RESPONSE 200 {"content-type":"application/json; charset=UTF-8","vary":"X-Origin, Referer, Origin,Accept-Encoding","date":"Wed, 15 Sep 2021 21:46:36 GMT","server":"ESF","cache-control":"private","x-xss-protection":"0","x-frame-options":"SAMEORIGIN","x-content-type-options":"nosniff","alt-svc":"h3=\":443\"; ma=2592000,h3-29=\":443\"; ma=2592000,h3-T051=\":443\"; ma=2592000,h3-Q050=\":443\"; ma=2592000,h3-Q046=\":443\"; ma=2592000,h3-Q043=\":443\"; ma=2592000,quic=\":443\"; ma=2592000; v=\"46,43\"","accept-ranges":"none","transfer-encoding":"chunked"}
[info] i  hosting[butler-barn-property]: beginning deploy... 
[info] i  hosting[butler-barn-property]: found 20 files in dist 
[debug] [2021-09-15T21:46:35.608Z] > refreshing access token with scopes: []
[debug] [2021-09-15T21:46:35.608Z] >>> HTTP REQUEST POST https://www.googleapis.com/oauth2/v3/token  
 <request body omitted>
[debug] [2021-09-15T21:46:35.609Z] [hosting] hash cache [ZGlzdA] stored for 20 files
[debug] [2021-09-15T21:46:35.609Z] [hosting][hash queue][FINAL] {"max":222,"min":12,"avg":155.6,"active":0,"complete":20,"success":20,"errored":0,"retried":0,"total":20,"elapsed":227}
[debug] [2021-09-15T21:46:35.776Z] <<< HTTP RESPONSE 200 {"date":"Wed, 15 Sep 2021 21:46:36 GMT","cache-control":"no-cache, no-store, max-age=0, must-revalidate","expires":"Mon, 01 Jan 1990 00:00:00 GMT","pragma":"no-cache","content-type":"application/json; charset=utf-8","vary":"X-Origin, Referer, Origin,Accept-Encoding","server":"scaffolding on HTTPServer2","x-xss-protection":"0","x-frame-options":"SAMEORIGIN","x-content-type-options":"nosniff","alt-svc":"h3=\":443\"; ma=2592000,h3-29=\":443\"; ma=2592000,h3-T051=\":443\"; ma=2592000,h3-Q050=\":443\"; ma=2592000,h3-Q046=\":443\"; ma=2592000,h3-Q043=\":443\"; ma=2592000,quic=\":443\"; ma=2592000; v=\"46,43\"","accept-ranges":"none","transfer-encoding":"chunked"}
[debug] [2021-09-15T21:46:35.806Z] >>> [apiv2][query] POST https://firebasehosting.googleapis.com/v1beta1/sites/butler-barn-property/versions/bac50930cba74055:populateFiles [none]
[debug] [2021-09-15T21:46:35.806Z] >>> [apiv2][body] POST https://firebasehosting.googleapis.com/v1beta1/sites/butler-barn-property/versions/bac50930cba74055:populateFiles {"files":{"/favicon.ico":"1cc547693605b5fa4fad2ad68824388889f4dd5497baddfbe82cb751a7eab45a","/index.html":"bba552edf9dbdade867b17bf62da2a983b5ccdc3b72d86a19218563913f8450c","/img/fa-regular-400.c5d109be.svg":"58164fd866070e49062d363355a04adf64846b7a3416c220808471d2893faccf","/img/barn4.e3810c0a.jpg":"43a8458cfb774cb62fb8a14bb3f5dfc29c18ad1b03b5ef898efec124f3101602","/img/fa-solid-900.37bc7099.svg":"b38438df2a2c103cd714b4ebbf58bca5edb1357f74dc7219fb5901d9dd195067","/img/fa-brands-400.1d5619cd.svg":"ed948d563a3b10b0819e9b696bbf31e03c41ef2288e8c0c50db0ad01bc8b72e1","/img/barn6.6f0afb2d.jpg":"b5e8ee030f73af8f94005d860b22737f59dafe14b40e225a93bec6399e1d41a3","/img/barn2.1066deea.jpg":"713d9e83ffe416f636c7c026ce896f135359a2bb37d21c53bf840b7a24f20da7","/img/barn1.99f07229.jpg":"97862fd53fde713a032e246595fa98831d1428a405572c6b60d2cdb28a6857d2","/img/barn11.a934cfaf.jpg":"45f6bfb77aa1ffdc9d7b92c07f538f7dc5941063b4601217b7a5e258e11fcfc1","/img/barn3.dfca12e9.jpg":"cc049a6edb378ef3178aed75387b1c02ac4ad7c69d22442e35aab04e10ae8854","/img/barn15.1cfe6702.jpg":"5d9a2bf4a408d01f50304ffbc03914e67c1e408c456a7e02c430b7bce15938a3","/img/barn16.db17cc90.jpg":"da8f722bb2cc259fc7a415e052ff5eb0b56fc545c312279ddbcb0d7a3dc73714","/img/barn12.c04887e2.jpg":"87602bccbb1c4eb8eac547ef417ef9acc0d90fb652c5a0c362aa7228ddeb5dd7","/img/barn5.baf1a31d.jpg":"a9c1f4097a28ec96f7d4465fbbd8fee74bea31f0a9c8bd4f649db9eb8ba8f9d2","/img/barn9.250a04c8.jpg":"da1e792ce2fcc752705121b816a88e8ac8df0ed7a18e2a1047e22b994a8e5791","/img/barn10.339536fd.jpg":"6a6e6919e962a02497ba18e6c8ec11b130289d3ac38c7996da3716e02ad1c2ce","/img/barn7.c521422b.jpg":"18fa5395c10cb50ee3d17cc748b063429190323973a25b8e928b69ff5318e7c4","/img/barn8.8e41450e.jpg":"bf1104449e5aaa753f5567a63c6f9578aac1023e567696585eb9f88d45429639","/img/barn13.3390cb66.jpg":"9d47a03e04bf7190b978b6b9eebe5840f527a08854410321b19c36b12bfd6210"}}
[debug] [2021-09-15T21:46:36.449Z] <<< [apiv2][status] POST https://firebasehosting.googleapis.com/v1beta1/sites/butler-barn-property/versions/bac50930cba74055:populateFiles 200
[debug] [2021-09-15T21:46:36.449Z] <<< [apiv2][body] POST https://firebasehosting.googleapis.com/v1beta1/sites/butler-barn-property/versions/bac50930cba74055:populateFiles {"uploadRequiredHashes":["18fa5395c10cb50ee3d17cc748b063429190323973a25b8e928b69ff5318e7c4","a9c1f4097a28ec96f7d4465fbbd8fee74bea31f0a9c8bd4f649db9eb8ba8f9d2","b5e8ee030f73af8f94005d860b22737f59dafe14b40e225a93bec6399e1d41a3","cc049a6edb378ef3178aed75387b1c02ac4ad7c69d22442e35aab04e10ae8854","5d9a2bf4a408d01f50304ffbc03914e67c1e408c456a7e02c430b7bce15938a3","bf1104449e5aaa753f5567a63c6f9578aac1023e567696585eb9f88d45429639","97862fd53fde713a032e246595fa98831d1428a405572c6b60d2cdb28a6857d2","45f6bfb77aa1ffdc9d7b92c07f538f7dc5941063b4601217b7a5e258e11fcfc1","87602bccbb1c4eb8eac547ef417ef9acc0d90fb652c5a0c362aa7228ddeb5dd7","6a6e6919e962a02497ba18e6c8ec11b130289d3ac38c7996da3716e02ad1c2ce","da8f722bb2cc259fc7a415e052ff5eb0b56fc545c312279ddbcb0d7a3dc73714","43a8458cfb774cb62fb8a14bb3f5dfc29c18ad1b03b5ef898efec124f3101602","713d9e83ffe416f636c7c026ce896f135359a2bb37d21c53bf840b7a24f20da7","da1e792ce2fcc752705121b816a88e8ac8df0ed7a18e2a1047e22b994a8e5791","9d47a03e04bf7190b978b6b9eebe5840f527a08854410321b19c36b12bfd6210"],"uploadUrl":"https://upload-firebasehosting.googleapis.com/upload/sites/butler-barn-property/versions/bac50930cba74055/files"}
[debug] [2021-09-15T21:46:36.455Z] >>> [apiv2][query] POST https://upload-firebasehosting.googleapis.com/upload/sites/butler-barn-property/versions/bac50930cba74055/files/18fa5395c10cb50ee3d17cc748b063429190323973a25b8e928b69ff5318e7c4 [none]
[debug] [2021-09-15T21:46:36.455Z] >>> [apiv2][body] POST https://upload-firebasehosting.googleapis.com/upload/sites/butler-barn-property/versions/bac50930cba74055/files/18fa5395c10cb50ee3d17cc748b063429190323973a25b8e928b69ff5318e7c4 [stream]
[debug] [2021-09-15T21:46:36.455Z] >>> [apiv2][query] POST https://upload-firebasehosting.googleapis.com/upload/sites/butler-barn-property/versions/bac50930cba74055/files/a9c1f4097a28ec96f7d4465fbbd8fee74bea31f0a9c8bd4f649db9eb8ba8f9d2 [none]
[debug] [2021-09-15T21:46:36.456Z] >>> [apiv2][body] POST https://upload-firebasehosting.googleapis.com/upload/sites/butler-barn-property/versions/bac50930cba74055/files/a9c1f4097a28ec96f7d4465fbbd8fee74bea31f0a9c8bd4f649db9eb8ba8f9d2 [stream]
[debug] [2021-09-15T21:46:36.456Z] >>> [apiv2][query] POST https://upload-firebasehosting.googleapis.com/upload/sites/butler-barn-property/versions/bac50930cba74055/files/b5e8ee030f73af8f94005d860b22737f59dafe14b40e225a93bec6399e1d41a3 [none]
[debug] [2021-09-15T21:46:36.456Z] >>> [apiv2][body] POST https://upload-firebasehosting.googleapis.com/upload/sites/butler-barn-property/versions/bac50930cba74055/files/b5e8ee030f73af8f94005d860b22737f59dafe14b40e225a93bec6399e1d41a3 [stream]
[debug] [2021-09-15T21:46:36.457Z] >>> [apiv2][query] POST https://upload-firebasehosting.googleapis.com/upload/sites/butler-barn-property/versions/bac50930cba74055/files/cc049a6edb378ef3178aed75387b1c02ac4ad7c69d22442e35aab04e10ae8854 [none]
[debug] [2021-09-15T21:46:36.457Z] >>> [apiv2][body] POST https://upload-firebasehosting.googleapis.com/upload/sites/butler-barn-property/versions/bac50930cba74055/files/cc049a6edb378ef3178aed75387b1c02ac4ad7c69d22442e35aab04e10ae8854 [stream]
[debug] [2021-09-15T21:46:36.457Z] >>> [apiv2][query] POST https://upload-firebasehosting.googleapis.com/upload/sites/butler-barn-property/versions/bac50930cba74055/files/5d9a2bf4a408d01f50304ffbc03914e67c1e408c456a7e02c430b7bce15938a3 [none]
[debug] [2021-09-15T21:46:36.457Z] >>> [apiv2][body] POST https://upload-firebasehosting.googleapis.com/upload/sites/butler-barn-property/versions/bac50930cba74055/files/5d9a2bf4a408d01f50304ffbc03914e67c1e408c456a7e02c430b7bce15938a3 [stream]
[debug] [2021-09-15T21:46:36.460Z] >>> [apiv2][query] POST https://upload-firebasehosting.googleapis.com/upload/sites/butler-barn-property/versions/bac50930cba74055/files/bf1104449e5aaa753f5567a63c6f9578aac1023e567696585eb9f88d45429639 [none]
[debug] [2021-09-15T21:46:36.460Z] >>> [apiv2][body] POST https://upload-firebasehosting.googleapis.com/upload/sites/butler-barn-property/versions/bac50930cba74055/files/bf1104449e5aaa753f5567a63c6f9578aac1023e567696585eb9f88d45429639 [stream]
[debug] [2021-09-15T21:46:36.460Z] >>> [apiv2][query] POST https://upload-firebasehosting.googleapis.com/upload/sites/butler-barn-property/versions/bac50930cba74055/files/97862fd53fde713a032e246595fa98831d1428a405572c6b60d2cdb28a6857d2 [none]
[debug] [2021-09-15T21:46:36.461Z] >>> [apiv2][body] POST https://upload-firebasehosting.googleapis.com/upload/sites/butler-barn-property/versions/bac50930cba74055/files/97862fd53fde713a032e246595fa98831d1428a405572c6b60d2cdb28a6857d2 [stream]
[debug] [2021-09-15T21:46:36.461Z] >>> [apiv2][query] POST https://upload-firebasehosting.googleapis.com/upload/sites/butler-barn-property/versions/bac50930cba74055/files/45f6bfb77aa1ffdc9d7b92c07f538f7dc5941063b4601217b7a5e258e11fcfc1 [none]
[debug] [2021-09-15T21:46:36.461Z] >>> [apiv2][body] POST https://upload-firebasehosting.googleapis.com/upload/sites/butler-barn-property/versions/bac50930cba74055/files/45f6bfb77aa1ffdc9d7b92c07f538f7dc5941063b4601217b7a5e258e11fcfc1 [stream]
[debug] [2021-09-15T21:46:36.462Z] >>> [apiv2][query] POST https://upload-firebasehosting.googleapis.com/upload/sites/butler-barn-property/versions/bac50930cba74055/files/87602bccbb1c4eb8eac547ef417ef9acc0d90fb652c5a0c362aa7228ddeb5dd7 [none]
[debug] [2021-09-15T21:46:36.462Z] >>> [apiv2][body] POST https://upload-firebasehosting.googleapis.com/upload/sites/butler-barn-property/versions/bac50930cba74055/files/87602bccbb1c4eb8eac547ef417ef9acc0d90fb652c5a0c362aa7228ddeb5dd7 [stream]
[debug] [2021-09-15T21:46:36.462Z] >>> [apiv2][query] POST https://upload-firebasehosting.googleapis.com/upload/sites/butler-barn-property/versions/bac50930cba74055/files/6a6e6919e962a02497ba18e6c8ec11b130289d3ac38c7996da3716e02ad1c2ce [none]
[debug] [2021-09-15T21:46:36.462Z] >>> [apiv2][body] POST https://upload-firebasehosting.googleapis.com/upload/sites/butler-barn-property/versions/bac50930cba74055/files/6a6e6919e962a02497ba18e6c8ec11b130289d3ac38c7996da3716e02ad1c2ce [stream]
[debug] [2021-09-15T21:46:36.463Z] >>> [apiv2][query] POST https://upload-firebasehosting.googleapis.com/upload/sites/butler-barn-property/versions/bac50930cba74055/files/da8f722bb2cc259fc7a415e052ff5eb0b56fc545c312279ddbcb0d7a3dc73714 [none]
[debug] [2021-09-15T21:46:36.463Z] >>> [apiv2][body] POST https://upload-firebasehosting.googleapis.com/upload/sites/butler-barn-property/versions/bac50930cba74055/files/da8f722bb2cc259fc7a415e052ff5eb0b56fc545c312279ddbcb0d7a3dc73714 [stream]
[debug] [2021-09-15T21:46:36.464Z] >>> [apiv2][query] POST https://upload-firebasehosting.googleapis.com/upload/sites/butler-barn-property/versions/bac50930cba74055/files/43a8458cfb774cb62fb8a14bb3f5dfc29c18ad1b03b5ef898efec124f3101602 [none]
[debug] [2021-09-15T21:46:36.464Z] >>> [apiv2][body] POST https://upload-firebasehosting.googleapis.com/upload/sites/butler-barn-property/versions/bac50930cba74055/files/43a8458cfb774cb62fb8a14bb3f5dfc29c18ad1b03b5ef898efec124f3101602 [stream]
[debug] [2021-09-15T21:46:36.464Z] >>> [apiv2][query] POST https://upload-firebasehosting.googleapis.com/upload/sites/butler-barn-property/versions/bac50930cba74055/files/713d9e83ffe416f636c7c026ce896f135359a2bb37d21c53bf840b7a24f20da7 [none]
[debug] [2021-09-15T21:46:36.464Z] >>> [apiv2][body] POST https://upload-firebasehosting.googleapis.com/upload/sites/butler-barn-property/versions/bac50930cba74055/files/713d9e83ffe416f636c7c026ce896f135359a2bb37d21c53bf840b7a24f20da7 [stream]
[debug] [2021-09-15T21:46:36.465Z] >>> [apiv2][query] POST https://upload-firebasehosting.googleapis.com/upload/sites/butler-barn-property/versions/bac50930cba74055/files/da1e792ce2fcc752705121b816a88e8ac8df0ed7a18e2a1047e22b994a8e5791 [none]
[debug] [2021-09-15T21:46:36.465Z] >>> [apiv2][body] POST https://upload-firebasehosting.googleapis.com/upload/sites/butler-barn-property/versions/bac50930cba74055/files/da1e792ce2fcc752705121b816a88e8ac8df0ed7a18e2a1047e22b994a8e5791 [stream]
[debug] [2021-09-15T21:46:36.465Z] >>> [apiv2][query] POST https://upload-firebasehosting.googleapis.com/upload/sites/butler-barn-property/versions/bac50930cba74055/files/9d47a03e04bf7190b978b6b9eebe5840f527a08854410321b19c36b12bfd6210 [none]
[debug] [2021-09-15T21:46:36.465Z] >>> [apiv2][body] POST https://upload-firebasehosting.googleapis.com/upload/sites/butler-barn-property/versions/bac50930cba74055/files/9d47a03e04bf7190b978b6b9eebe5840f527a08854410321b19c36b12bfd6210 [stream]
[debug] [2021-09-15T21:46:36.466Z] [hosting][populate queue][FINAL] {"max":847,"min":847,"avg":847,"active":0,"complete":1,"success":1,"errored":0,"retried":0,"total":1,"elapsed":859}
[debug] [2021-09-15T21:46:36.466Z] [hosting] uploads queued: 15
[debug] [2021-09-15T21:47:24.397Z] ----------------------------------------------------------------------
[debug] [2021-09-15T21:47:24.399Z] Command:       C:\Program Files\nodejs\node.exe C:\Users\odett\AppData\Roaming\npm\node_modules\firebase-tools\lib\bin\firebase.js deploy --only hosting
[debug] [2021-09-15T21:47:24.399Z] CLI Version:   9.18.0
[debug] [2021-09-15T21:47:24.399Z] Platform:      win32
[debug] [2021-09-15T21:47:24.399Z] Node Version:  v14.17.1
[debug] [2021-09-15T21:47:24.400Z] Time:          Wed Sep 15 2021 17:47:24 GMT-0400 (Eastern Daylight Time)
[debug] [2021-09-15T21:47:24.400Z] ----------------------------------------------------------------------
[debug] 
[debug] [2021-09-15T21:47:24.442Z] > command requires scopes: ["email","openid","https://www.googleapis.com/auth/cloudplatformprojects.readonly","https://www.googleapis.com/auth/firebase","https://www.googleapis.com/auth/cloud-platform"]
[debug] [2021-09-15T21:47:24.443Z] > authorizing via signed-in user (mustangsallytn@gmail.com)
[debug] [2021-09-15T21:47:24.443Z] [iam] checking project butler-barn-property for permissions ["firebase.projects.get","firebasehosting.sites.update"]
[debug] [2021-09-15T21:47:24.445Z] > refreshing access token with scopes: ["email","https://www.googleapis.com/auth/cloud-platform","https://www.googleapis.com/auth/cloudplatformprojects.readonly","https://www.googleapis.com/auth/firebase","openid"]
[debug] [2021-09-15T21:47:24.445Z] >>> HTTP REQUEST POST https://www.googleapis.com/oauth2/v3/token  
 <request body omitted>
[debug] [2021-09-15T21:47:24.641Z] <<< HTTP RESPONSE 200 {"pragma":"no-cache","cache-control":"no-cache, no-store, max-age=0, must-revalidate","date":"Wed, 15 Sep 2021 21:47:25 GMT","expires":"Mon, 01 Jan 1990 00:00:00 GMT","content-type":"application/json; charset=utf-8","vary":"X-Origin, Referer, Origin,Accept-Encoding","server":"scaffolding on HTTPServer2","x-xss-protection":"0","x-frame-options":"SAMEORIGIN","x-content-type-options":"nosniff","alt-svc":"h3=\":443\"; ma=2592000,h3-29=\":443\"; ma=2592000,h3-T051=\":443\"; ma=2592000,h3-Q050=\":443\"; ma=2592000,h3-Q046=\":443\"; ma=2592000,h3-Q043=\":443\"; ma=2592000,quic=\":443\"; ma=2592000; v=\"46,43\"","accept-ranges":"none","transfer-encoding":"chunked"}
[debug] [2021-09-15T21:47:24.661Z] >>> HTTP REQUEST POST https://cloudresourcemanager.googleapis.com/v1/projects/butler-barn-property:testIamPermissions  
 {"permissions":["firebase.projects.get","firebasehosting.sites.update"]}
[debug] [2021-09-15T21:47:24.899Z] <<< HTTP RESPONSE 200 {"content-type":"application/json; charset=UTF-8","vary":"X-Origin, Referer, Origin,Accept-Encoding","date":"Wed, 15 Sep 2021 21:47:25 GMT","server":"ESF","cache-control":"private","x-xss-protection":"0","x-frame-options":"SAMEORIGIN","x-content-type-options":"nosniff","server-timing":"gfet4t7; dur=92","alt-svc":"h3=\":443\"; ma=2592000,h3-29=\":443\"; ma=2592000,h3-T051=\":443\"; ma=2592000,h3-Q050=\":443\"; ma=2592000,h3-Q046=\":443\"; ma=2592000,h3-Q043=\":443\"; ma=2592000,quic=\":443\"; ma=2592000; v=\"46,43\"","accept-ranges":"none","transfer-encoding":"chunked"}
[debug] [2021-09-15T21:47:24.905Z] > refreshing access token with scopes: []
[debug] [2021-09-15T21:47:24.906Z] >>> HTTP REQUEST POST https://www.googleapis.com/oauth2/v3/token  
 <request body omitted>
[debug] [2021-09-15T21:47:25.073Z] <<< HTTP RESPONSE 200 {"pragma":"no-cache","date":"Wed, 15 Sep 2021 21:47:25 GMT","expires":"Mon, 01 Jan 1990 00:00:00 GMT","cache-control":"no-cache, no-store, max-age=0, must-revalidate","content-type":"application/json; charset=utf-8","vary":"X-Origin, Referer, Origin,Accept-Encoding","server":"scaffolding on HTTPServer2","x-xss-protection":"0","x-frame-options":"SAMEORIGIN","x-content-type-options":"nosniff","alt-svc":"h3=\":443\"; ma=2592000,h3-29=\":443\"; ma=2592000,h3-T051=\":443\"; ma=2592000,h3-Q050=\":443\"; ma=2592000,h3-Q046=\":443\"; ma=2592000,h3-Q043=\":443\"; ma=2592000,quic=\":443\"; ma=2592000; v=\"46,43\"","accept-ranges":"none","transfer-encoding":"chunked"}
[debug] [2021-09-15T21:47:25.104Z] >>> [apiv2][query] GET https://firebase.googleapis.com/v1beta1/projects/butler-barn-property [none]
[debug] [2021-09-15T21:47:25.371Z] <<< [apiv2][status] GET https://firebase.googleapis.com/v1beta1/projects/butler-barn-property 200
[debug] [2021-09-15T21:47:25.371Z] <<< [apiv2][body] GET https://firebase.googleapis.com/v1beta1/projects/butler-barn-property {"projectId":"butler-barn-property","projectNumber":"128395082873","displayName":"Butler Barn Property","name":"projects/butler-barn-property","resources":{"hostingSite":"butler-barn-property"},"state":"ACTIVE"}
[info] 
[info] === Deploying to 'butler-barn-property'...
[info] 
[info] i  deploying hosting 
[debug] [2021-09-15T21:47:25.375Z] > refreshing access token with scopes: ["email","https://www.googleapis.com/auth/cloud-platform","https://www.googleapis.com/auth/cloudplatformprojects.readonly","https://www.googleapis.com/auth/firebase","openid"]
[debug] [2021-09-15T21:47:25.375Z] >>> HTTP REQUEST POST https://www.googleapis.com/oauth2/v3/token  
 <request body omitted>
[debug] [2021-09-15T21:47:25.549Z] <<< HTTP RESPONSE 200 {"cache-control":"no-cache, no-store, max-age=0, must-revalidate","expires":"Mon, 01 Jan 1990 00:00:00 GMT","pragma":"no-cache","date":"Wed, 15 Sep 2021 21:47:26 GMT","content-type":"application/json; charset=utf-8","vary":"X-Origin, Referer, Origin,Accept-Encoding","server":"scaffolding on HTTPServer2","x-xss-protection":"0","x-frame-options":"SAMEORIGIN","x-content-type-options":"nosniff","alt-svc":"h3=\":443\"; ma=2592000,h3-29=\":443\"; ma=2592000,h3-T051=\":443\"; ma=2592000,h3-Q050=\":443\"; ma=2592000,h3-Q046=\":443\"; ma=2592000,h3-Q043=\":443\"; ma=2592000,quic=\":443\"; ma=2592000; v=\"46,43\"","accept-ranges":"none","transfer-encoding":"chunked"}
[debug] [2021-09-15T21:47:25.555Z] >>> HTTP REQUEST POST https://firebasehosting.googleapis.com/v1beta1/sites/butler-barn-property/versions  
 {"config":{"rewrites":[{"glob":"**","path":"/index.html"}]},"labels":{"deployment-tool":"cli-firebase"}}
[debug] [2021-09-15T21:47:26.338Z] <<< HTTP RESPONSE 200 {"content-type":"application/json; charset=UTF-8","vary":"X-Origin, Referer, Origin,Accept-Encoding","date":"Wed, 15 Sep 2021 21:47:27 GMT","server":"ESF","cache-control":"private","x-xss-protection":"0","x-frame-options":"SAMEORIGIN","x-content-type-options":"nosniff","alt-svc":"h3=\":443\"; ma=2592000,h3-29=\":443\"; ma=2592000,h3-T051=\":443\"; ma=2592000,h3-Q050=\":443\"; ma=2592000,h3-Q046=\":443\"; ma=2592000,h3-Q043=\":443\"; ma=2592000,quic=\":443\"; ma=2592000; v=\"46,43\"","accept-ranges":"none","transfer-encoding":"chunked"}
[info] i  hosting[butler-barn-property]: beginning deploy... 
[info] i  hosting[butler-barn-property]: found 11 files in dist 
[debug] [2021-09-15T21:47:26.356Z] > refreshing access token with scopes: []
[debug] [2021-09-15T21:47:26.356Z] >>> HTTP REQUEST POST https://www.googleapis.com/oauth2/v3/token  
 <request body omitted>
[debug] [2021-09-15T21:47:26.358Z] [hosting] hash cache [ZGlzdA] stored for 11 files
[debug] [2021-09-15T21:47:26.358Z] [hosting][hash queue][FINAL] {"max":3,"min":1,"avg":1,"active":0,"complete":11,"success":11,"errored":0,"retried":0,"total":11,"elapsed":5}
[debug] [2021-09-15T21:47:26.520Z] <<< HTTP RESPONSE 200 {"cache-control":"no-cache, no-store, max-age=0, must-revalidate","pragma":"no-cache","expires":"Mon, 01 Jan 1990 00:00:00 GMT","date":"Wed, 15 Sep 2021 21:47:27 GMT","content-type":"application/json; charset=utf-8","vary":"X-Origin, Referer, Origin,Accept-Encoding","server":"scaffolding on HTTPServer2","x-xss-protection":"0","x-frame-options":"SAMEORIGIN","x-content-type-options":"nosniff","alt-svc":"h3=\":443\"; ma=2592000,h3-29=\":443\"; ma=2592000,h3-T051=\":443\"; ma=2592000,h3-Q050=\":443\"; ma=2592000,h3-Q046=\":443\"; ma=2592000,h3-Q043=\":443\"; ma=2592000,quic=\":443\"; ma=2592000; v=\"46,43\"","accept-ranges":"none","transfer-encoding":"chunked"}
[debug] [2021-09-15T21:47:26.529Z] >>> [apiv2][query] POST https://firebasehosting.googleapis.com/v1beta1/sites/butler-barn-property/versions/fb4c120a2b91aab8:populateFiles [none]
[debug] [2021-09-15T21:47:26.529Z] >>> [apiv2][body] POST https://firebasehosting.googleapis.com/v1beta1/sites/butler-barn-property/versions/fb4c120a2b91aab8:populateFiles {"files":{"/favicon.ico":"1cc547693605b5fa4fad2ad68824388889f4dd5497baddfbe82cb751a7eab45a","/index.html":"bba552edf9dbdade867b17bf62da2a983b5ccdc3b72d86a19218563913f8450c","/img/barn1.99f07229.jpg":"97862fd53fde713a032e246595fa98831d1428a405572c6b60d2cdb28a6857d2","/img/barn2.1066deea.jpg":"713d9e83ffe416f636c7c026ce896f135359a2bb37d21c53bf840b7a24f20da7","/img/barn3.dfca12e9.jpg":"cc049a6edb378ef3178aed75387b1c02ac4ad7c69d22442e35aab04e10ae8854","/img/barn4.e3810c0a.jpg":"43a8458cfb774cb62fb8a14bb3f5dfc29c18ad1b03b5ef898efec124f3101602","/img/barn5.baf1a31d.jpg":"a9c1f4097a28ec96f7d4465fbbd8fee74bea31f0a9c8bd4f649db9eb8ba8f9d2","/img/barn6.6f0afb2d.jpg":"b5e8ee030f73af8f94005d860b22737f59dafe14b40e225a93bec6399e1d41a3","/img/fa-brands-400.1d5619cd.svg":"ed948d563a3b10b0819e9b696bbf31e03c41ef2288e8c0c50db0ad01bc8b72e1","/img/fa-regular-400.c5d109be.svg":"58164fd866070e49062d363355a04adf64846b7a3416c220808471d2893faccf","/img/fa-solid-900.37bc7099.svg":"b38438df2a2c103cd714b4ebbf58bca5edb1357f74dc7219fb5901d9dd195067"}}
[debug] [2021-09-15T21:47:27.075Z] <<< [apiv2][status] POST https://firebasehosting.googleapis.com/v1beta1/sites/butler-barn-property/versions/fb4c120a2b91aab8:populateFiles 200
[debug] [2021-09-15T21:47:27.076Z] <<< [apiv2][body] POST https://firebasehosting.googleapis.com/v1beta1/sites/butler-barn-property/versions/fb4c120a2b91aab8:populateFiles {"uploadRequiredHashes":["a9c1f4097a28ec96f7d4465fbbd8fee74bea31f0a9c8bd4f649db9eb8ba8f9d2","b5e8ee030f73af8f94005d860b22737f59dafe14b40e225a93bec6399e1d41a3","97862fd53fde713a032e246595fa98831d1428a405572c6b60d2cdb28a6857d2","713d9e83ffe416f636c7c026ce896f135359a2bb37d21c53bf840b7a24f20da7","43a8458cfb774cb62fb8a14bb3f5dfc29c18ad1b03b5ef898efec124f3101602","cc049a6edb378ef3178aed75387b1c02ac4ad7c69d22442e35aab04e10ae8854"],"uploadUrl":"https://upload-firebasehosting.googleapis.com/upload/sites/butler-barn-property/versions/fb4c120a2b91aab8/files"}
[debug] [2021-09-15T21:47:27.084Z] >>> [apiv2][query] POST https://upload-firebasehosting.googleapis.com/upload/sites/butler-barn-property/versions/fb4c120a2b91aab8/files/a9c1f4097a28ec96f7d4465fbbd8fee74bea31f0a9c8bd4f649db9eb8ba8f9d2 [none]
[debug] [2021-09-15T21:47:27.084Z] >>> [apiv2][body] POST https://upload-firebasehosting.googleapis.com/upload/sites/butler-barn-property/versions/fb4c120a2b91aab8/files/a9c1f4097a28ec96f7d4465fbbd8fee74bea31f0a9c8bd4f649db9eb8ba8f9d2 [stream]
[debug] [2021-09-15T21:47:27.087Z] >>> [apiv2][query] POST https://upload-firebasehosting.googleapis.com/upload/sites/butler-barn-property/versions/fb4c120a2b91aab8/files/b5e8ee030f73af8f94005d860b22737f59dafe14b40e225a93bec6399e1d41a3 [none]
[debug] [2021-09-15T21:47:27.088Z] >>> [apiv2][body] POST https://upload-firebasehosting.googleapis.com/upload/sites/butler-barn-property/versions/fb4c120a2b91aab8/files/b5e8ee030f73af8f94005d860b22737f59dafe14b40e225a93bec6399e1d41a3 [stream]
[debug] [2021-09-15T21:47:27.090Z] >>> [apiv2][query] POST https://upload-firebasehosting.googleapis.com/upload/sites/butler-barn-property/versions/fb4c120a2b91aab8/files/97862fd53fde713a032e246595fa98831d1428a405572c6b60d2cdb28a6857d2 [none]
[debug] [2021-09-15T21:47:27.091Z] >>> [apiv2][body] POST https://upload-firebasehosting.googleapis.com/upload/sites/butler-barn-property/versions/fb4c120a2b91aab8/files/97862fd53fde713a032e246595fa98831d1428a405572c6b60d2cdb28a6857d2 [stream]
[debug] [2021-09-15T21:47:27.093Z] >>> [apiv2][query] POST https://upload-firebasehosting.googleapis.com/upload/sites/butler-barn-property/versions/fb4c120a2b91aab8/files/713d9e83ffe416f636c7c026ce896f135359a2bb37d21c53bf840b7a24f20da7 [none]
[debug] [2021-09-15T21:47:27.093Z] >>> [apiv2][body] POST https://upload-firebasehosting.googleapis.com/upload/sites/butler-barn-property/versions/fb4c120a2b91aab8/files/713d9e83ffe416f636c7c026ce896f135359a2bb37d21c53bf840b7a24f20da7 [stream]
[debug] [2021-09-15T21:47:27.095Z] >>> [apiv2][query] POST https://upload-firebasehosting.googleapis.com/upload/sites/butler-barn-property/versions/fb4c120a2b91aab8/files/43a8458cfb774cb62fb8a14bb3f5dfc29c18ad1b03b5ef898efec124f3101602 [none]
[debug] [2021-09-15T21:47:27.096Z] >>> [apiv2][body] POST https://upload-firebasehosting.googleapis.com/upload/sites/butler-barn-property/versions/fb4c120a2b91aab8/files/43a8458cfb774cb62fb8a14bb3f5dfc29c18ad1b03b5ef898efec124f3101602 [stream]
[debug] [2021-09-15T21:47:27.098Z] >>> [apiv2][query] POST https://upload-firebasehosting.googleapis.com/upload/sites/butler-barn-property/versions/fb4c120a2b91aab8/files/cc049a6edb378ef3178aed75387b1c02ac4ad7c69d22442e35aab04e10ae8854 [none]
[debug] [2021-09-15T21:47:27.098Z] >>> [apiv2][body] POST https://upload-firebasehosting.googleapis.com/upload/sites/butler-barn-property/versions/fb4c120a2b91aab8/files/cc049a6edb378ef3178aed75387b1c02ac4ad7c69d22442e35aab04e10ae8854 [stream]
[debug] [2021-09-15T21:47:27.101Z] [hosting][populate queue][FINAL] {"max":728,"min":728,"avg":728,"active":0,"complete":1,"success":1,"errored":0,"retried":0,"total":1,"elapsed":745}
[debug] [2021-09-15T21:47:27.101Z] [hosting] uploads queued: 6
